c:\courses\graphics\project\mainproj\lf\lf\debug\vc140.pdb
c:\courses\graphics\project\mainproj\lf\lf\debug\vc140.idb
c:\courses\graphics\project\mainproj\lf\lf\debug\disparityvolume.obj
c:\courses\graphics\project\mainproj\lf\lf\debug\hellow.obj
c:\courses\graphics\project\mainproj\lf\lf\debug\loadtex.obj
c:\courses\graphics\project\mainproj\lf\lf\debug\testopencv.obj
c:\courses\graphics\project\mainproj\lf\lf\debug\visualisedisparityvolume.obj
c:\courses\graphics\project\mainproj\lf\lf\debug\stb_test.obj
c:\courses\graphics\project\mainproj\lf\lf\debug\truedisparityvolume.obj
c:\courses\graphics\project\mainproj\lf\lf\debug\mincut.obj
c:\courses\graphics\project\mainproj\lf\lf\debug\graph.obj
c:\courses\graphics\project\mainproj\lf\lf\debug\maxflow.obj
c:\courses\graphics\project\mainproj\lf\lf\debug\main.obj
c:\courses\graphics\project\mainproj\lf\lf\debug\calculatemincut.obj
c:\courses\graphics\project\mainproj\lf\debug\lf.pdb
c:\courses\graphics\project\mainproj\lf\lf\debug\lf.tlog\cl.command.1.tlog
c:\courses\graphics\project\mainproj\lf\lf\debug\lf.tlog\cl.read.1.tlog
c:\courses\graphics\project\mainproj\lf\lf\debug\lf.tlog\cl.write.1.tlog
c:\courses\graphics\project\mainproj\lf\lf\debug\lf.tlog\link-cvtres.read.1.tlog
c:\courses\graphics\project\mainproj\lf\lf\debug\lf.tlog\link-cvtres.write.1.tlog
c:\courses\graphics\project\mainproj\lf\lf\debug\lf.tlog\link-rc.read.1.tlog
c:\courses\graphics\project\mainproj\lf\lf\debug\lf.tlog\link-rc.write.1.tlog
c:\courses\graphics\project\mainproj\lf\lf\debug\lf.tlog\link.command.1.tlog
c:\courses\graphics\project\mainproj\lf\lf\debug\lf.tlog\link.read.1.tlog
c:\courses\graphics\project\mainproj\lf\lf\debug\lf.tlog\link.write.1.tlog
